<?xml version="1.0" encoding="UTF-8"?>
<testng-results ignored="0" total="1" passed="1" failed="0" skipped="0">
  <reporter-output>
  </reporter-output>
  <suite started-at="2025-10-05T02:24:48 EEST" name="Default suite" finished-at="2025-10-05T02:25:38 EEST" duration-ms="49982">
    <groups>
    </groups>
    <test started-at="2025-10-05T02:24:48 EEST" name="Default test" finished-at="2025-10-05T02:25:38 EEST" duration-ms="49982">
      <class name="automationTest.E2EScenarioTest">
        <test-method is-config="true" signature="setUp()[pri:0, instance:automationTest.E2EScenarioTest@1573f9fc]" started-at="2025-10-05T02:24:48 EEST" name="setUp" finished-at="2025-10-05T02:24:55 EEST" duration-ms="7150" status="PASS">
          <reporter-output>
          </reporter-output>
        </test-method> <!-- setUp -->
        <test-method signature="E2EScenario()[pri:0, instance:automationTest.E2EScenarioTest@1573f9fc]" started-at="2025-10-05T02:24:55 EEST" name="E2EScenario" finished-at="2025-10-05T02:25:36 EEST" duration-ms="40570" status="PASS">
          <reporter-output>
          </reporter-output>
        </test-method> <!-- E2EScenario -->
        <test-method is-config="true" signature="tearDown()[pri:0, instance:automationTest.E2EScenarioTest@1573f9fc]" started-at="2025-10-05T02:25:36 EEST" name="tearDown" finished-at="2025-10-05T02:25:38 EEST" duration-ms="2217" status="PASS">
          <reporter-output>
          </reporter-output>
        </test-method> <!-- tearDown -->
      </class> <!-- automationTest.E2EScenarioTest -->
    </test> <!-- Default test -->
  </suite> <!-- Default suite -->
</testng-results>
